<?xml version="1.0" encoding="UTF-8"?>
<testng-results ignored="0" total="1" passed="1" failed="0" skipped="0">
  <reporter-output>
  </reporter-output>
  <suite started-at="2024-12-23T13:13:54 IST" name="Default suite" finished-at="2024-12-23T13:13:55 IST" duration-ms="1340">
    <groups>
      <group name="cucumber">
        <method signature="AbstractTestNGCucumberTests.runScenario(io.cucumber.testng.PickleWrapper,io.cucumber.testng.FeatureWrapper)[pri:0, instance:runner.GooglePageRunner@1d296da]" name="runScenario" class="io.cucumber.testng.AbstractTestNGCucumberTests"/>
      </group> <!-- cucumber -->
    </groups>
    <test started-at="2024-12-23T13:13:54 IST" name="Default test" finished-at="2024-12-23T13:13:55 IST" duration-ms="1340">
      <class name="runner.GooglePageRunner">
        <test-method is-config="true" signature="setUpClass(org.testng.ITestContext)[pri:0, instance:runner.GooglePageRunner@1d296da]" started-at="2024-12-23T13:13:54 IST" name="setUpClass" finished-at="2024-12-23T13:13:55 IST" duration-ms="1049" status="PASS">
          <params>
            <param index="0">
              <value>
                <![CDATA[org.testng.TestRunner@1ee4730]]>
              </value>
            </param>
          </params>
          <reporter-output>
          </reporter-output>
        </test-method> <!-- setUpClass -->
        <test-method signature="runScenario(io.cucumber.testng.PickleWrapper,io.cucumber.testng.FeatureWrapper)[pri:0, instance:runner.GooglePageRunner@1d296da]" started-at="2024-12-23T13:13:55 IST" name="runScenario" description="Runs Cucumber Scenarios" data-provider="scenarios" finished-at="2024-12-23T13:13:55 IST" duration-ms="119" status="PASS">
          <params>
            <param index="0">
              <value>
                <![CDATA["Selenium search"]]>
              </value>
            </param>
            <param index="1">
              <value>
                <![CDATA["Google Search Page"]]>
              </value>
            </param>
          </params>
          <reporter-output>
          </reporter-output>
        </test-method> <!-- runScenario -->
        <test-method is-config="true" signature="tearDownClass()[pri:0, instance:runner.GooglePageRunner@1d296da]" started-at="2024-12-23T13:13:55 IST" name="tearDownClass" finished-at="2024-12-23T13:13:55 IST" duration-ms="108" status="PASS">
          <reporter-output>
          </reporter-output>
        </test-method> <!-- tearDownClass -->
      </class> <!-- runner.GooglePageRunner -->
    </test> <!-- Default test -->
  </suite> <!-- Default suite -->
</testng-results>
